<?xml version="1.0" encoding="UTF-8"?>
<!-- Generated by org.testng.reporters.JUnitXMLReporter -->
<testsuite hostname="dell09061" name="Default test" tests="4" failures="0" timestamp="18 Dec 2013 16:05:50 GMT" time="2.42" errors="0">
  <testcase name="testInscriptionJoueurs" time="1.493" classname="testNG.TestNG_Finito"/>
  <testcase name="testConnexionJoueur" time="0.017" classname="testNG.TestNG_Finito"/>
  <testcase name="testCreerPartie" time="0.206" classname="testNG.TestNG_Finito"/>
  <testcase name="testRejoindrePartie" time="0.193" classname="testNG.TestNG_Finito"/>
</testsuite> <!-- Default test -->
