<?xml version="1.0" encoding="UTF-8"?>
<!-- Generated by org.testng.reporters.JUnitXMLReporter -->
<testsuite hostname="dell09061" name="Default test" tests="4" failures="0" timestamp="19 Dec 2013 08:18:12 GMT" time="2.221" errors="0">
  <testcase name="testInscriptionJoueurs" time="1.285" classname="testNG.TestNG_Finito"/>
  <testcase name="testConnexionJoueur" time="0.021" classname="testNG.TestNG_Finito"/>
  <testcase name="testCreerPartie" time="0.243" classname="testNG.TestNG_Finito"/>
  <testcase name="testRejoindrePartie" time="0.216" classname="testNG.TestNG_Finito"/>
</testsuite> <!-- Default test -->
