<?xml version="1.0" encoding="UTF-8"?>
<testng-results skipped="0" failed="0" total="4" passed="4">
  <reporter-output>
  </reporter-output>
  <suite name="Default suite" duration-ms="2251" started-at="2013-12-18T15:26:02Z" finished-at="2013-12-18T15:26:04Z">
    <groups>
    </groups>
    <test name="Default test" duration-ms="2251" started-at="2013-12-18T15:26:02Z" finished-at="2013-12-18T15:26:04Z">
      <class name="testNG.TestNG_Finito">
        <test-method status="PASS" signature="init()[pri:0, instance:testNG.TestNG_Finito@1c94b51]" name="init" is-config="true" duration-ms="412" started-at="2013-12-18T16:26:02Z" finished-at="2013-12-18T16:26:02Z">
          <reporter-output>
          </reporter-output>
        </test-method> <!-- init -->
        <test-method status="PASS" signature="testInscriptionJoueurs()[pri:0, instance:testNG.TestNG_Finito@1c94b51]" name="testInscriptionJoueurs" duration-ms="1131" started-at="2013-12-18T16:26:02Z" finished-at="2013-12-18T16:26:03Z">
          <reporter-output>
          </reporter-output>
        </test-method> <!-- testInscriptionJoueurs -->
        <test-method status="PASS" signature="testConnexionJoueur()[pri:0, instance:testNG.TestNG_Finito@1c94b51]" name="testConnexionJoueur" duration-ms="24" started-at="2013-12-18T16:26:03Z" finished-at="2013-12-18T16:26:04Z">
          <reporter-output>
          </reporter-output>
        </test-method> <!-- testConnexionJoueur -->
        <test-method status="PASS" signature="testCreerPartie()[pri:0, instance:testNG.TestNG_Finito@1c94b51]" name="testCreerPartie" duration-ms="518" started-at="2013-12-18T16:26:04Z" finished-at="2013-12-18T16:26:04Z">
          <reporter-output>
          </reporter-output>
        </test-method> <!-- testCreerPartie -->
        <test-method status="PASS" signature="testRejoindrePartie()[pri:0, instance:testNG.TestNG_Finito@1c94b51]" name="testRejoindrePartie" duration-ms="154" started-at="2013-12-18T16:26:04Z" finished-at="2013-12-18T16:26:04Z">
          <reporter-output>
          </reporter-output>
        </test-method> <!-- testRejoindrePartie -->
      </class> <!-- testNG.TestNG_Finito -->
    </test> <!-- Default test -->
  </suite> <!-- Default suite -->
</testng-results>
